<?xml version="1.0" encoding="UTF-8"?>
<testsuite name="com.northwind.splunk.When_sending_to_splunk" tests="2" skipped="0" failures="0" errors="0" timestamp="2020-01-29T14:37:18" hostname="WTLSPOTHULAPAL" time="0.038">
  <properties/>
  <testcase name="given_a_valid_event_write_should_succeed()" classname="com.northwind.splunk.When_sending_to_splunk" time="0.032"/>
  <testcase name="an_event_is_required()" classname="com.northwind.splunk.When_sending_to_splunk" time="0.005"/>
  <system-out><![CDATA[]]></system-out>
  <system-err><![CDATA[]]></system-err>
</testsuite>
